生成启动时间为 2013/11/26 16:32:44。
     1>项目“E:\cocos\cocos2d-x-2.2.1\projects\Brizzle\proj.win32\Brizzle.vcxproj”在节点 2 上(Build 个目标)。
     1>ClCompile:
         D:\Microsoft\Microsoft Visual Studio 11.0\VC\bin\CL.exe /c /I"E:\cocos\cocos2d-x-2.2.1\projects\Brizzle\proj.win32\..\..\..\cocos2dx" /I"E:\cocos\cocos2d-x-2.2.1\projects\Brizzle\proj.win32\..\..\..\cocos2dx\include" /I"E:\cocos\cocos2d-x-2.2.1\projects\Brizzle\proj.win32\..\..\..\cocos2dx\kazmath\include" /I"E:\cocos\cocos2d-x-2.2.1\projects\Brizzle\proj.win32\..\..\..\cocos2dx\platform\win32" /I"E:\cocos\cocos2d-x-2.2.1\projects\Brizzle\proj.win32\..\..\..\cocos2dx\platform\third_party\win32" /I"E:\cocos\cocos2d-x-2.2.1\projects\Brizzle\proj.win32\..\..\..\cocos2dx\platform\third_party\win32\OGLES" /I"E:\cocos\cocos2d-x-2.2.1\projects\Brizzle\proj.win32\..\..\..\external" /I"E:\cocos\cocos2d-x-2.2.1\projects\Brizzle\proj.win32\..\..\..\external\chipmunk\include\chipmunk" /I"E:\cocos\cocos2d-x-2.2.1\projects\Brizzle\proj.win32\..\..\..\CocosDenshion\include" /I"E:\cocos\cocos2d-x-2.2.1\projects\Brizzle\proj.win32\..\..\..\extensions" /I..\Classes /I.. /ZI /nologo /W3 /WX- /Od /Oy- /D WIN32 /D _DEBUG /D _WINDOWS /D _USE_MATH_DEFINES /D GL_GLEXT_PROTOTYPES /D CC_ENABLE_CHIPMUNK_INTEGRATION=1 /D COCOS2D_DEBUG=1 /D _CRT_SECURE_NO_WARNINGS /D _SCL_SECURE_NO_WARNINGS /D _UNICODE /D UNICODE /Gm /EHsc /RTC1 /MDd /GS /fp:precise /Zc:wchar_t /Zc:forScope /Fo"Debug.win32\\" /Fd"Debug.win32\vc110.pdb" /Gd /TP /wd4267 /wd4251 /wd4244 /analyze- /errorReport:prompt ..\Classes\components\PauseMenu.cpp
         PauseMenu.cpp
       PreLinkEvent:
         if not exist "E:\cocos\cocos2d-x-2.2.1\Debug.win32\" mkdir "E:\cocos\cocos2d-x-2.2.1\Debug.win32\"
         xcopy /Y /Q "E:\cocos\cocos2d-x-2.2.1\projects\Brizzle\proj.win32\..\..\..\external\libwebsockets\win32\lib\*.*" "E:\cocos\cocos2d-x-2.2.1\Debug.win32\"
         :VCEnd
         复制了 2 个文件
       Link:
         D:\Microsoft\Microsoft Visual Studio 11.0\VC\bin\link.exe /ERRORREPORT:PROMPT /OUT:"E:\cocos\cocos2d-x-2.2.1\Debug.win32\Brizzle.exe" /INCREMENTAL /NOLOGO /LIBPATH:"E:\cocos\cocos2d-x-2.2.1\Debug.win32\\" libExtensions.lib libcocos2d.lib libCocosDenshion.lib opengl32.lib glew32.lib libBox2d.lib libchipmunk.lib libcurl_imp.lib pthreadVCE2.lib websockets.lib kernel32.lib user32.lib gdi32.lib winspool.lib comdlg32.lib advapi32.lib shell32.lib ole32.lib oleaut32.lib uuid.lib odbc32.lib odbccp32.lib /MANIFEST /MANIFESTUAC:"level='asInvoker' uiAccess='false'" /manifest:embed /DEBUG /PDB:"E:\cocos\cocos2d-x-2.2.1\Debug.win32\Brizzle.pdb" /SUBSYSTEM:WINDOWS /TLBID:1 /DYNAMICBASE /NXCOMPAT /IMPLIB:"E:\cocos\cocos2d-x-2.2.1\Debug.win32\Brizzle.lib" /MACHINE:X86 /SAFESEH Debug.win32\AppDelegate.obj
         Debug.win32\BaseMenuItemSprite.obj
         Debug.win32\BaseScene.obj
         Debug.win32\BaseSprite.obj
         Debug.win32\VisibleRect.obj
         Debug.win32\PauseMenu.obj
         Debug.win32\AppStartup.obj
         Debug.win32\SoundManager.obj
         Debug.win32\ClassicScene.obj
         Debug.win32\HomeScene.obj
         Debug.win32\IcebreakScene.obj
         Debug.win32\PandoraScene.obj
         Debug.win32\main.obj
         "E:\cocos\cocos2d-x-2.2.1\Debug.win32\libcocos2d.lib"
         "E:\cocos\cocos2d-x-2.2.1\Debug.win32\libCocosDenshion.lib"
         "E:\cocos\cocos2d-x-2.2.1\Debug.win32\libExtensions.lib"
         "E:\cocos\cocos2d-x-2.2.1\Debug.win32\libBox2D.lib"
         "E:\cocos\cocos2d-x-2.2.1\Debug.win32\libchipmunk.lib"
         Brizzle.vcxproj -> E:\cocos\cocos2d-x-2.2.1\Debug.win32\Brizzle.exe
     1>已完成生成项目“E:\cocos\cocos2d-x-2.2.1\projects\Brizzle\proj.win32\Brizzle.vcxproj”(Build 个目标)的操作。

生成成功。

已用时间 00:00:03.65
